<?xml version="1.0" encoding="UTF-8"?>
<beans xmlns="http://www.springframework.org/schema/beans"
       xmlns:xsi="http://www.w3.org/2001/XMLSchema-instance"
       xmlns:sec="http://www.springframework.org/schema/security" xmlns:p="http://www.springframework.org/schema/p"
       xsi:schemaLocation="http://www.springframework.org/schema/beans http://www.springframework.org/schema/beans/spring-beans.xsd
             http://www.springframework.org/schema/security http://www.springframework.org/schema/security/spring-security-3.1.xsd">

    <bean id="userDetailsService" class="de.spqrinfo.quotes.backend.security.dao.CustomUserDetailsServiceImpl"
          p:dataSource-ref="testingDatabase"/>

    <bean id="saltSource" class="org.springframework.security.authentication.dao.ReflectionSaltSource"
          p:userPropertyToUse="username"/>

    <bean id="passwordEncoder" class="org.springframework.security.authentication.encoding.ShaPasswordEncoder"
          p:iterations="1024"/>

    <bean id="authenticationProvider" class="org.springframework.security.authentication.dao.DaoAuthenticationProvider"
          p:passwordEncoder-ref="passwordEncoder"
          p:saltSource-ref="saltSource"
          p:userDetailsService-ref="userDetailsService"/>

    <sec:authentication-manager alias="authenticationManager">
        <sec:authentication-provider ref="authenticationProvider"/>
    </sec:authentication-manager>

</beans>
