<?xml version="1.0" encoding="UTF-8"?>
<beans:beans xmlns="http://www.springframework.org/schema/security"
             xmlns:xsi="http://www.w3.org/2001/XMLSchema-instance"
             xmlns:beans="http://www.springframework.org/schema/beans"
             xsi:schemaLocation="http://www.springframework.org/schema/security http://www.springframework.org/schema/security/spring-security-3.1.xsd
        http://www.springframework.org/schema/beans http://www.springframework.org/schema/beans/spring-beans.xsd">

    <beans:bean id="myUserDetailsService" class="org.springframework.security.core.userdetails.jdbc.JdbcDaoImpl">
        <beans:property name="dataSource" ref="testingDatabase"/>
        <beans:property name="usersByUsernameQuery" value="select email,password,enabled from users where email = ?"/>
        <beans:property name="authoritiesByUsernameQuery" value="select email,authority from authorities where email = ?"/>
    </beans:bean>

    <beans:bean id="passwordEncoder" class="org.springframework.security.crypto.password.StandardPasswordEncoder"/>

</beans:beans>
