<?xml version="1.0" encoding="UTF-8"?>
<beans xmlns="http://www.springframework.org/schema/beans"
       xmlns:xsi="http://www.w3.org/2001/XMLSchema-instance"
       xmlns:context="http://www.springframework.org/schema/context"
       xmlns:tx="http://www.springframework.org/schema/tx"
       xmlns:p="http://www.springframework.org/schema/p"
       xmlns:jdbc="http://www.springframework.org/schema/jdbc"
       xsi:schemaLocation="http://www.springframework.org/schema/beans http://www.springframework.org/schema/beans/spring-beans.xsd
    http://www.springframework.org/schema/context http://www.springframework.org/schema/context/spring-context.xsd
    http://www.springframework.org/schema/tx http://www.springframework.org/schema/tx/spring-tx.xsd
    http://www.springframework.org/schema/jdbc http://www.springframework.org/schema/jdbc/spring-jdbc.xsd">

    <context:component-scan base-package="org.antbear.tododont"/>
    <context:annotation-config/>

    <jdbc:embedded-database id="testingDatabase" type="H2">
        <jdbc:script encoding="utf-8" location="classpath:schema.sql"/>
        <jdbc:script encoding="utf-8" location="classpath:testdata.sql"/>
    </jdbc:embedded-database>

    <bean id="transactionManager" class="org.springframework.jdbc.datasource.DataSourceTransactionManager"
          p:dataSource-ref="testingDatabase"/>

    <tx:annotation-driven transaction-manager="transactionManager"/>

    <import resource="test-security-context.xml"/>

    <context:property-placeholder location="classpath:app.properties,web.properties"/>

    <!-- Mail -->

    <bean id="mailSender" class="org.antbear.tododont.backend.security.util.mail.TestMailSender"/>

    <bean id="mailTemplateMessage" class="org.springframework.mail.SimpleMailMessage">
        <property name="from" value="customerservice@mycompany.tld"/>
    </bean>

    <bean class="org.antbear.tododont.backend.security.service.SecurityMailSenderTestSupport"/>

    <!-- Other -->

    <bean class="org.antbear.tododont.backend.security.service.scheduling.LinearScheduleExecutionStrategy"/>

</beans>
